<?xml version="1.0" encoding="UTF-8"?>
<!-- Generated by org.testng.reporters.JUnitXMLReporter -->
<testsuite hostname="LAPTOP-702TIJFI" ignored="0" name="Default test" tests="4" failures="0" timestamp="29 Mar 2020 08:49:35 GMT" time="116.009" errors="0">
  <testcase name="verifytitleTest" time="0.065" classname="com.test.SmokeTest"/>
  <testcase name="dropDownSelectTest" time="8.281" classname="com.test.SmokeTest"/>
  <testcase name="verifyLogoTest" time="0.483" classname="com.test.SmokeTest"/>
  <testcase name="screenCaptureTest" time="1.197" classname="com.test.SmokeTest"/>
</testsuite> <!-- Default test -->
